<?xml version="1.0" encoding="UTF-8"?>
<!-- Generated by org.testng.reporters.JUnitXMLReporter -->
<testsuite ignored="0" hostname="Hp" failures="0" tests="6" name="Default test" time="12.205" errors="0" timestamp="2024-11-03T17:18:57 IST">
  <testcase classname="api.test.DDTests" name="testPostUser" time="3.376"/>
  <testcase classname="api.test.DDTests" name="testPostUser" time="1.576"/>
  <testcase classname="api.test.DDTests" name="testPostUser" time="1.435"/>
  <testcase classname="api.test.DDTests" name="testDeleteuserByName" time="1.53"/>
  <testcase classname="api.test.DDTests" name="testDeleteuserByName" time="1.549"/>
  <testcase classname="api.test.DDTests" name="testDeleteuserByName" time="1.43"/>
</testsuite> <!-- Default test -->
