<?xml version="1.0" encoding="UTF-8"?>
<!-- Generated by org.testng.reporters.JUnitXMLReporter -->
<testsuite ignored="0" hostname="Hp" failures="0" tests="4" name="PetTest" time="9.404" errors="0" timestamp="2024-11-03T21:20:46 IST">
  <testcase classname="api.test.UserTest2" name="testPostUser" time="3.749"/>
  <testcase classname="api.test.UserTest2" name="testGetUserByName" time="1.416"/>
  <testcase classname="api.test.UserTest2" name="testUpdateUserByName" time="1.528"/>
  <testcase classname="api.test.UserTest2" name="testDeleteUserByName" time="1.43"/>
</testsuite> <!-- PetTest -->
