<?xml version="1.0" encoding="UTF-8"?>
<!-- Generated by org.testng.reporters.JUnitXMLReporter -->
<testsuite ignored="0" hostname="Hp" failures="0" tests="4" name="PetTest" time="9.613" errors="0" timestamp="2024-11-03T20:23:50 IST">
  <testcase classname="api.test.UserTest2" name="testPostUser" time="4.228"/>
  <testcase classname="api.test.UserTest2" name="testGetUserByName" time="1.617"/>
  <testcase classname="api.test.UserTest2" name="testUpdateUserByName" time="1.322"/>
  <testcase classname="api.test.UserTest2" name="testDeleteUserByName" time="1.426"/>
</testsuite> <!-- PetTest -->
